<?xml version="1.0" encoding="UTF-8"?>
<!-- Generated by org.testng.reporters.JUnitReportReporter -->
<testsuite hostname="DESKTOP-IG79IBO" failures="0" tests="3" name="com.testng.dependency" time="0.008" errors="0" timestamp="2023-04-25T14:15:48 IST" skipped="0">
  <testcase classname="com.testng.dependency" name="tenth" time="0.007"/>
  <system-out/>
  <testcase classname="com.testng.dependency" name="higher" time="0.001"/>
  <system-out/>
  <testcase classname="com.testng.dependency" name="degree" time="0.000"/>
  <system-out/>
</testsuite> <!-- com.testng.dependency -->
