<?xml version="1.0" encoding="UTF-8"?>
<!-- Generated by org.testng.reporters.JUnitReportReporter -->
<testsuite hostname="DESKTOP-IG79IBO" failures="0" tests="5" name="com.testng.Testng1" time="0.008" errors="0" timestamp="2023-05-29T12:28:22 IST" skipped="0">
  <testcase classname="com.testng.Testng1" name="start_the_car" time="0.006"/>
  <system-out/>
  <testcase classname="com.testng.Testng1" name="first_Gear" time="0.000"/>
  <system-out/>
  <testcase classname="com.testng.Testng1" name="second_Gear" time="0.001"/>
  <system-out/>
  <testcase classname="com.testng.Testng1" name="third_Gear" time="0.001"/>
  <system-out/>
  <testcase classname="com.testng.Testng1" name="fourth_Gear" time="0.000"/>
  <system-out/>
</testsuite> <!-- com.testng.Testng1 -->
