<?xml version="1.0" encoding="UTF-8"?>
<!-- Generated by org.testng.reporters.JUnitReportReporter -->
<testsuite hostname="DESKTOP-IG79IBO" failures="0" tests="1" name="com.testng.Assertions" time="0.008" errors="0" timestamp="2023-05-29T15:09:34 IST" skipped="0">
  <testcase classname="com.testng.Assertions" name="CheckAssertion" time="0.008"/>
  <system-out/>
</testsuite> <!-- com.testng.Assertions -->
