<?xml version="1.0" encoding="UTF-8"?>
<!-- Generated by org.testng.reporters.JUnitReportReporter -->
<testsuite hostname="DESKTOP-IG79IBO" failures="0" tests="6" name="com.testng.Skip_Testcase" time="0.009" errors="0" timestamp="2023-04-25T16:15:28 IST" skipped="1">
  <testcase classname="com.testng.Skip_Testcase" name="start_the_car" time="0.006"/>
  <system-out/>
  <testcase classname="com.testng.Skip_Testcase" name="first_Gear" time="0.000"/>
  <system-out/>
  <testcase classname="com.testng.Skip_Testcase" name="second_Gear" time="0.001"/>
  <system-out/>
  <testcase classname="com.testng.Skip_Testcase" name="third_Gear" time="0.001"/>
  <system-out/>
  <testcase classname="com.testng.Skip_Testcase" name="fourth_Gear" time="0.001"/>
  <system-out/>
  <testcase classname="com.testng.Skip_Testcase" name="music">
    <skipped/>
  </testcase> <!-- music -->
  <system-out/>
</testsuite> <!-- com.testng.Skip_Testcase -->
