<?xml version="1.0" encoding="UTF-8"?>
<!-- Generated by org.testng.reporters.JUnitReportReporter -->
<testsuite hostname="DESKTOP-IG79IBO" failures="0" tests="3" name="com.testng.Test_suits" time="7.622" errors="0" timestamp="2023-04-25T15:29:56 IST" skipped="0">
  <testcase classname="com.testng.Test_suits" name="openBing" time="0.670"/>
  <system-out/>
  <testcase classname="com.testng.Test_suits" name="openYahoo" time="5.871"/>
  <system-out/>
  <testcase classname="com.testng.Test_suits" name="openGoogle" time="1.081"/>
  <system-out/>
</testsuite> <!-- com.testng.Test_suits -->
