<?xml version="1.0" encoding="UTF-8"?>
<!-- Generated by org.testng.reporters.JUnitReportReporter -->
<testsuite hostname="DESKTOP-IG79IBO" failures="0" tests="1" name="com.testng.Parameterized" time="0.005" errors="0" timestamp="2023-04-25T17:17:41 IST" skipped="0">
  <testcase classname="com.testng.Parameterized" name="name" time="0.005"/>
  <system-out/>
</testsuite> <!-- com.testng.Parameterized -->
