<?xml version="1.0" encoding="UTF-8"?>
<!-- Generated by org.testng.reporters.JUnitReportReporter -->
<testsuite hostname="DESKTOP-IG79IBO" failures="0" tests="4" name="com.testng.priority" time="0.002" errors="0" timestamp="2023-04-25T16:15:28 IST" skipped="0">
  <testcase classname="com.testng.priority" name="second" time="0.000"/>
  <system-out/>
  <testcase classname="com.testng.priority" name="first" time="0.001"/>
  <system-out/>
  <testcase classname="com.testng.priority" name="third" time="0.001"/>
  <system-out/>
  <testcase classname="com.testng.priority" name="four" time="0.000"/>
  <system-out/>
</testsuite> <!-- com.testng.priority -->
