<?xml version="1.0" encoding="UTF-8"?>
<!-- Generated by org.testng.reporters.JUnitReportReporter -->
<testsuite hostname="DESKTOP-IG79IBO" failures="0" tests="2" name="com.testng.parallel" time="11.322" errors="0" timestamp="2023-04-25T18:05:46 IST" skipped="0">
  <testcase classname="com.testng.parallel" name="openGoogle" time="4.010"/>
  <system-out/>
  <testcase classname="com.testng.parallel" name="openBing" time="7.312"/>
  <system-out/>
</testsuite> <!-- com.testng.parallel -->
