<?xml version="1.0" encoding="UTF-8"?>
<!-- Generated by org.testng.reporters.JUnitReportReporter -->
<testsuite hostname="DESKTOP-IG79IBO" failures="0" tests="4" name="com.testng.Group" time="0.014" errors="0" timestamp="2023-04-25T16:51:23 IST" skipped="0">
  <testcase classname="com.testng.Group" name="moto1" time="0.001"/>
  <system-out/>
  <testcase classname="com.testng.Group" name="moto" time="0.001"/>
  <system-out/>
  <testcase classname="com.testng.Group" name="apple" time="0.011"/>
  <system-out/>
  <testcase classname="com.testng.Group" name="apple1" time="0.001"/>
  <system-out/>
</testsuite> <!-- com.testng.Group -->
